<?xml version="1.0" encoding="UTF-8"?>
<testsuite name="com.example.robTest.RobTestApplicationTests" tests="1" skipped="0" failures="0" errors="0" timestamp="2019-05-10T17:24:12" hostname="MACPCUS82337" time="0.147">
  <properties/>
  <testcase name="contextLoads" classname="com.example.robTest.RobTestApplicationTests" time="0.147"/>
  <system-out><![CDATA[13:24:10.157 [Test worker] DEBUG org.springframework.test.context.junit4.SpringJUnit4ClassRunner - SpringJUnit4ClassRunner constructor called with [class com.example.robTest.RobTestApplicationTests]
13:24:10.163 [Test worker] DEBUG org.springframework.test.context.BootstrapUtils - Instantiating CacheAwareContextLoaderDelegate from class [org.springframework.test.context.cache.DefaultCacheAwareContextLoaderDelegate]
13:24:10.169 [Test worker] DEBUG org.springframework.test.context.BootstrapUtils - Instantiating BootstrapContext using constructor [public org.springframework.test.context.support.DefaultBootstrapContext(java.lang.Class,org.springframework.test.context.CacheAwareContextLoaderDelegate)]
13:24:10.180 [Test worker] DEBUG org.springframework.test.context.BootstrapUtils - Instantiating TestContextBootstrapper for test class [com.example.robTest.RobTestApplicationTests] from class [org.springframework.boot.test.context.SpringBootTestContextBootstrapper]
13:24:10.187 [Test worker] INFO org.springframework.boot.test.context.SpringBootTestContextBootstrapper - Neither @ContextConfiguration nor @ContextHierarchy found for test class [com.example.robTest.RobTestApplicationTests], using SpringBootContextLoader
13:24:10.190 [Test worker] DEBUG org.springframework.test.context.support.AbstractContextLoader - Did not detect default resource location for test class [com.example.robTest.RobTestApplicationTests]: class path resource [com/example/robTest/RobTestApplicationTests-context.xml] does not exist
13:24:10.190 [Test worker] DEBUG org.springframework.test.context.support.AbstractContextLoader - Did not detect default resource location for test class [com.example.robTest.RobTestApplicationTests]: class path resource [com/example/robTest/RobTestApplicationTestsContext.groovy] does not exist
13:24:10.190 [Test worker] INFO org.springframework.test.context.support.AbstractContextLoader - Could not detect default resource locations for test class [com.example.robTest.RobTestApplicationTests]: no resource found for suffixes {-context.xml, Context.groovy}.
13:24:10.191 [Test worker] INFO org.springframework.test.context.support.AnnotationConfigContextLoaderUtils - Could not detect default configuration classes for test class [com.example.robTest.RobTestApplicationTests]: RobTestApplicationTests does not declare any static, non-private, non-final, nested classes annotated with @Configuration.
13:24:10.217 [Test worker] DEBUG org.springframework.test.context.support.ActiveProfilesUtils - Could not find an 'annotation declaring class' for annotation type [org.springframework.test.context.ActiveProfiles] and class [com.example.robTest.RobTestApplicationTests]
13:24:10.258 [Test worker] DEBUG org.springframework.context.annotation.ClassPathScanningCandidateComponentProvider - Identified candidate component class: file [/Users/training/Desktop/robTest/build/classes/java/main/com/example/robTest/RobTestApplication.class]
13:24:10.259 [Test worker] INFO org.springframework.boot.test.context.SpringBootTestContextBootstrapper - Found @SpringBootConfiguration com.example.robTest.RobTestApplication for test class com.example.robTest.RobTestApplicationTests
13:24:10.317 [Test worker] DEBUG org.springframework.boot.test.context.SpringBootTestContextBootstrapper - @TestExecutionListeners is not present for class [com.example.robTest.RobTestApplicationTests]: using defaults.
13:24:10.317 [Test worker] INFO org.springframework.boot.test.context.SpringBootTestContextBootstrapper - Loaded default TestExecutionListener class names from location [META-INF/spring.factories]: [org.springframework.boot.test.autoconfigure.restdocs.RestDocsTestExecutionListener, org.springframework.boot.test.autoconfigure.web.client.MockRestServiceServerResetTestExecutionListener, org.springframework.boot.test.autoconfigure.web.servlet.MockMvcPrintOnlyOnFailureTestExecutionListener, org.springframework.boot.test.autoconfigure.web.servlet.WebDriverTestExecutionListener, org.springframework.boot.test.mock.mockito.MockitoTestExecutionListener, org.springframework.boot.test.mock.mockito.ResetMocksTestExecutionListener, org.springframework.test.context.web.ServletTestExecutionListener, org.springframework.test.context.support.DirtiesContextBeforeModesTestExecutionListener, org.springframework.test.context.support.DependencyInjectionTestExecutionListener, org.springframework.test.context.support.DirtiesContextTestExecutionListener, org.springframework.test.context.transaction.TransactionalTestExecutionListener, org.springframework.test.context.jdbc.SqlScriptsTestExecutionListener]
13:24:10.327 [Test worker] INFO org.springframework.boot.test.context.SpringBootTestContextBootstrapper - Using TestExecutionListeners: [org.springframework.test.context.web.ServletTestExecutionListener@3ecdd872, org.springframework.test.context.support.DirtiesContextBeforeModesTestExecutionListener@34888bed, org.springframework.boot.test.mock.mockito.MockitoTestExecutionListener@24e19f4b, org.springframework.boot.test.autoconfigure.SpringBootDependencyInjectionTestExecutionListener@2ee4d571, org.springframework.test.context.support.DirtiesContextTestExecutionListener@7eba9697, org.springframework.test.context.transaction.TransactionalTestExecutionListener@e9dad4e, org.springframework.test.context.jdbc.SqlScriptsTestExecutionListener@26ae6011, org.springframework.boot.test.autoconfigure.restdocs.RestDocsTestExecutionListener@2ee966e8, org.springframework.boot.test.autoconfigure.web.client.MockRestServiceServerResetTestExecutionListener@44d538c, org.springframework.boot.test.autoconfigure.web.servlet.MockMvcPrintOnlyOnFailureTestExecutionListener@67d97996, org.springframework.boot.test.autoconfigure.web.servlet.WebDriverTestExecutionListener@32a23394, org.springframework.boot.test.mock.mockito.ResetMocksTestExecutionListener@5799dd0e]
13:24:10.329 [Test worker] DEBUG org.springframework.test.annotation.ProfileValueUtils - Retrieved @ProfileValueSourceConfiguration [null] for test class [com.example.robTest.RobTestApplicationTests]
13:24:10.329 [Test worker] DEBUG org.springframework.test.annotation.ProfileValueUtils - Retrieved ProfileValueSource type [class org.springframework.test.annotation.SystemProfileValueSource] for class [com.example.robTest.RobTestApplicationTests]
13:24:10.330 [Test worker] DEBUG org.springframework.test.annotation.ProfileValueUtils - Retrieved @ProfileValueSourceConfiguration [null] for test class [com.example.robTest.RobTestApplicationTests]
13:24:10.330 [Test worker] DEBUG org.springframework.test.annotation.ProfileValueUtils - Retrieved ProfileValueSource type [class org.springframework.test.annotation.SystemProfileValueSource] for class [com.example.robTest.RobTestApplicationTests]
13:24:10.333 [Test worker] DEBUG org.springframework.test.context.support.AbstractDirtiesContextTestExecutionListener - Before test class: context [DefaultTestContext@12def38f testClass = RobTestApplicationTests, testInstance = [null], testMethod = [null], testException = [null], mergedContextConfiguration = [WebMergedContextConfiguration@772e18dd testClass = RobTestApplicationTests, locations = '{}', classes = '{class com.example.robTest.RobTestApplication}', contextInitializerClasses = '[]', activeProfiles = '{}', propertySourceLocations = '{}', propertySourceProperties = '{org.springframework.boot.test.context.SpringBootTestContextBootstrapper=true}', contextCustomizers = set[org.springframework.boot.test.autoconfigure.properties.PropertyMappingContextCustomizer@0, org.springframework.boot.test.autoconfigure.web.servlet.WebDriverContextCustomizerFactory$Customizer@77a2e51c, org.springframework.boot.test.context.filter.ExcludeFilterContextCustomizer@1e52e09a, org.springframework.boot.test.json.DuplicateJsonObjectContextCustomizerFactory$DuplicateJsonObjectContextCustomizer@25244a8e, org.springframework.boot.test.mock.mockito.MockitoContextCustomizer@0, org.springframework.boot.test.web.client.TestRestTemplateContextCustomizer@9313305], resourceBasePath = 'src/main/webapp', contextLoader = 'org.springframework.boot.test.context.SpringBootContextLoader', parent = [null]], attributes = map['org.springframework.test.context.web.ServletTestExecutionListener.activateListener' -> true]], class annotated with @DirtiesContext [false] with mode [null].
13:24:10.333 [Test worker] DEBUG org.springframework.test.annotation.ProfileValueUtils - Retrieved @ProfileValueSourceConfiguration [null] for test class [com.example.robTest.RobTestApplicationTests]
13:24:10.334 [Test worker] DEBUG org.springframework.test.annotation.ProfileValueUtils - Retrieved ProfileValueSource type [class org.springframework.test.annotation.SystemProfileValueSource] for class [com.example.robTest.RobTestApplicationTests]
13:24:10.346 [Test worker] DEBUG org.springframework.test.context.support.TestPropertySourceUtils - Adding inlined properties to environment: {spring.jmx.enabled=false, org.springframework.boot.test.context.SpringBootTestContextBootstrapper=true, server.port=-1}

  .   ____          _            __ _ _
 /\\ / ___'_ __ _ _(_)_ __  __ _ \ \ \ \
( ( )\___ | '_ | '_| | '_ \/ _` | \ \ \ \
 \\/  ___)| |_)| | | | | || (_| |  ) ) ) )
  '  |____| .__|_| |_|_| |_\__, | / / / /
 =========|_|==============|___/=/_/_/_/
 :: Spring Boot ::        (v2.1.4.RELEASE)

2019-05-10 13:24:10.519  INFO 3370 --- [    Test worker] c.e.robTest.RobTestApplicationTests      : Starting RobTestApplicationTests on MACPCUS82337 with PID 3370 (started by training in /Users/training/Desktop/robTest)
2019-05-10 13:24:10.520  INFO 3370 --- [    Test worker] c.e.robTest.RobTestApplicationTests      : No active profile set, falling back to default profiles: default
2019-05-10 13:24:10.910  INFO 3370 --- [    Test worker] .s.d.r.c.RepositoryConfigurationDelegate : Bootstrapping Spring Data repositories in DEFAULT mode.
2019-05-10 13:24:10.923  INFO 3370 --- [    Test worker] .s.d.r.c.RepositoryConfigurationDelegate : Finished Spring Data repository scanning in 8ms. Found 0 repository interfaces.
2019-05-10 13:24:11.172  INFO 3370 --- [    Test worker] trationDelegate$BeanPostProcessorChecker : Bean 'org.springframework.transaction.annotation.ProxyTransactionManagementConfiguration' of type [org.springframework.transaction.annotation.ProxyTransactionManagementConfiguration$$EnhancerBySpringCGLIB$$f8b24048] is not eligible for getting processed by all BeanPostProcessors (for example: not eligible for auto-proxying)
2019-05-10 13:24:11.304  INFO 3370 --- [    Test worker] com.zaxxer.hikari.HikariDataSource       : HikariPool-1 - Starting...
2019-05-10 13:24:11.551  INFO 3370 --- [    Test worker] com.zaxxer.hikari.HikariDataSource       : HikariPool-1 - Start completed.
2019-05-10 13:24:11.597  INFO 3370 --- [    Test worker] o.hibernate.jpa.internal.util.LogHelper  : HHH000204: Processing PersistenceUnitInfo [
	name: default
	...]
2019-05-10 13:24:11.642  INFO 3370 --- [    Test worker] org.hibernate.Version                    : HHH000412: Hibernate Core {5.3.9.Final}
2019-05-10 13:24:11.643  INFO 3370 --- [    Test worker] org.hibernate.cfg.Environment            : HHH000206: hibernate.properties not found
2019-05-10 13:24:11.757  INFO 3370 --- [    Test worker] o.hibernate.annotations.common.Version   : HCANN000001: Hibernate Commons Annotations {5.0.4.Final}
2019-05-10 13:24:11.856  INFO 3370 --- [    Test worker] org.hibernate.dialect.Dialect            : HHH000400: Using dialect: org.hibernate.dialect.MySQL5Dialect
2019-05-10 13:24:12.043  INFO 3370 --- [    Test worker] j.LocalContainerEntityManagerFactoryBean : Initialized JPA EntityManagerFactory for persistence unit 'default'
2019-05-10 13:24:12.458  INFO 3370 --- [    Test worker] o.s.s.concurrent.ThreadPoolTaskExecutor  : Initializing ExecutorService 'applicationTaskExecutor'
2019-05-10 13:24:12.496  WARN 3370 --- [    Test worker] aWebConfiguration$JpaWebMvcConfiguration : spring.jpa.open-in-view is enabled by default. Therefore, database queries may be performed during view rendering. Explicitly configure spring.jpa.open-in-view to disable this warning
2019-05-10 13:24:12.705  INFO 3370 --- [    Test worker] c.e.robTest.RobTestApplicationTests      : Started RobTestApplicationTests in 2.353 seconds (JVM running for 2.996)
]]></system-out>
  <system-err><![CDATA[]]></system-err>
</testsuite>
